<?xml version="1.0" encoding="UTF-8"?>
<!-- Generated by org.testng.reporters.JUnitReportReporter -->
<testsuite hostname="Navi-Dude-137" failures="0" tests="9" name="Objects.CrossBrowserPage" time="78.352" errors="0" timestamp="2024-03-31T23:02:19 IST" skipped="0">
  <testcase classname="Objects.CrossBrowserPage" name="openBrowser" time="16.785"/>
  <testcase classname="Objects.CrossBrowserPage" name="openBrowser" time="5.627"/>
  <testcase classname="Objects.CrossBrowserPage" name="openBrowser" time="2.056"/>
  <testcase classname="Objects.CrossBrowserPage" name="openFlipkart" time="18.472"/>
  <testcase classname="Objects.CrossBrowserPage" name="openFlipkart" time="12.528"/>
  <testcase classname="Objects.CrossBrowserPage" name="openFlipkart" time="17.734"/>
  <testcase classname="Objects.CrossBrowserPage" name="closeBroswer" time="1.232"/>
  <testcase classname="Objects.CrossBrowserPage" name="closeBroswer" time="0.792"/>
  <testcase classname="Objects.CrossBrowserPage" name="closeBroswer" time="3.126"/>
</testsuite> <!-- Objects.CrossBrowserPage -->
