<?xml version="1.0" encoding="UTF-8"?>
<!-- Generated by org.testng.reporters.JUnitReportReporter -->
<testsuite hostname="Navi-Dude-137" failures="0" tests="3" name="TestScenarios.TestMethods_GoogleSearch" time="20.099" errors="0" timestamp="2024-03-31T22:25:51 IST" skipped="0">
  <testcase classname="TestScenarios.TestMethods_GoogleSearch" name="searchOperation" time="1.048"/>
  <testcase classname="TestScenarios.TestMethods_GoogleSearch" name="verifyAndAccessFacebook" time="3.931"/>
  <testcase classname="TestScenarios.TestMethods_GoogleSearch" name="VerifyLogin" time="15.120"/>
</testsuite> <!-- TestScenarios.TestMethods_GoogleSearch -->
